[2024-03-27 13:07:09Z INFO HostContext] No proxy settings were found based on environmental variables (http_proxy/https_proxy/HTTP_PROXY/HTTPS_PROXY)
[2024-03-27 13:07:09Z INFO HostContext] Well known directory 'Bin': 'C:\Users\bigwe\myblog\bin'
[2024-03-27 13:07:09Z INFO HostContext] Well known directory 'Root': 'C:\Users\bigwe\myblog'
[2024-03-27 13:07:09Z INFO HostContext] Well known config file 'Credentials': 'C:\Users\bigwe\myblog\.credentials'
[2024-03-27 13:07:09Z INFO HostContext] Well known directory 'Bin': 'C:\Users\bigwe\myblog\bin'
[2024-03-27 13:07:09Z INFO HostContext] Well known directory 'Root': 'C:\Users\bigwe\myblog'
[2024-03-27 13:07:09Z INFO HostContext] Well known config file 'Runner': 'C:\Users\bigwe\myblog\.runner'
[2024-03-27 13:07:09Z INFO Listener] Runner is built for Windows (X64) - win-x64.
[2024-03-27 13:07:09Z INFO Listener] RuntimeInformation: Microsoft Windows 10.0.22631.
[2024-03-27 13:07:09Z INFO Listener] Version: 2.314.1
[2024-03-27 13:07:09Z INFO Listener] Commit: 976290d966e6cc3e748a49bf8fdbe139ff764201
[2024-03-27 13:07:09Z INFO Listener] Culture: zh-CN
[2024-03-27 13:07:09Z INFO Listener] UI Culture: zh-CN
[2024-03-27 13:07:09Z INFO HostContext] Well known directory 'Bin': 'C:\Users\bigwe\myblog\bin'
[2024-03-27 13:07:09Z INFO HostContext] Well known directory 'Root': 'C:\Users\bigwe\myblog'
[2024-03-27 13:07:09Z INFO Listener] Validating directory permissions for: 'C:\Users\bigwe\myblog'
[2024-03-27 13:07:09Z INFO CommandLineParser] Parse
[2024-03-27 13:07:09Z INFO CommandLineParser] Parsing 5 args
[2024-03-27 13:07:09Z INFO CommandLineParser] parsing argument
[2024-03-27 13:07:09Z INFO CommandLineParser] HasArgs: False
[2024-03-27 13:07:09Z INFO CommandLineParser] Adding Command: configure
[2024-03-27 13:07:09Z INFO CommandLineParser] parsing argument
[2024-03-27 13:07:09Z INFO CommandLineParser] HasArgs: True
[2024-03-27 13:07:09Z INFO CommandLineParser] arg: url
[2024-03-27 13:07:09Z INFO CommandLineParser] parsing argument
[2024-03-27 13:07:09Z INFO CommandLineParser] HasArgs: True
[2024-03-27 13:07:09Z INFO CommandLineParser] Adding option 'url': 'https://github.com/emiya-omega/emiya-omega.github.io'
[2024-03-27 13:07:09Z INFO CommandLineParser] parsing argument
[2024-03-27 13:07:09Z INFO CommandLineParser] HasArgs: True
[2024-03-27 13:07:09Z INFO CommandLineParser] arg: token
[2024-03-27 13:07:09Z INFO CommandLineParser] parsing argument
[2024-03-27 13:07:09Z INFO CommandLineParser] HasArgs: True
[2024-03-27 13:07:09Z INFO CommandLineParser] Adding option 'token': '***'
[2024-03-27 13:07:09Z INFO Listener] Arguments parsed
[2024-03-27 13:07:09Z INFO Runner] ExecuteCommand
[2024-03-27 13:07:09Z INFO ConfigurationStore] currentAssemblyLocation: C:\Users\bigwe\myblog\bin\Runner.Listener.dll
[2024-03-27 13:07:09Z INFO HostContext] Well known directory 'Bin': 'C:\Users\bigwe\myblog\bin'
[2024-03-27 13:07:09Z INFO ConfigurationStore] binPath: C:\Users\bigwe\myblog\bin
[2024-03-27 13:07:09Z INFO HostContext] Well known directory 'Bin': 'C:\Users\bigwe\myblog\bin'
[2024-03-27 13:07:09Z INFO HostContext] Well known directory 'Root': 'C:\Users\bigwe\myblog'
[2024-03-27 13:07:09Z INFO ConfigurationStore] RootFolder: C:\Users\bigwe\myblog
[2024-03-27 13:07:09Z INFO HostContext] Well known directory 'Bin': 'C:\Users\bigwe\myblog\bin'
[2024-03-27 13:07:09Z INFO HostContext] Well known directory 'Root': 'C:\Users\bigwe\myblog'
[2024-03-27 13:07:09Z INFO HostContext] Well known config file 'Runner': 'C:\Users\bigwe\myblog\.runner'
[2024-03-27 13:07:09Z INFO ConfigurationStore] ConfigFilePath: C:\Users\bigwe\myblog\.runner
[2024-03-27 13:07:09Z INFO HostContext] Well known directory 'Bin': 'C:\Users\bigwe\myblog\bin'
[2024-03-27 13:07:09Z INFO HostContext] Well known directory 'Root': 'C:\Users\bigwe\myblog'
[2024-03-27 13:07:09Z INFO HostContext] Well known config file 'Credentials': 'C:\Users\bigwe\myblog\.credentials'
[2024-03-27 13:07:09Z INFO ConfigurationStore] CredFilePath: C:\Users\bigwe\myblog\.credentials
[2024-03-27 13:07:09Z INFO HostContext] Well known directory 'Bin': 'C:\Users\bigwe\myblog\bin'
[2024-03-27 13:07:09Z INFO HostContext] Well known directory 'Root': 'C:\Users\bigwe\myblog'
[2024-03-27 13:07:09Z INFO HostContext] Well known config file 'MigratedCredentials': 'C:\Users\bigwe\myblog\.credentials_migrated'
[2024-03-27 13:07:09Z INFO ConfigurationStore] MigratedCredFilePath: C:\Users\bigwe\myblog\.credentials_migrated
[2024-03-27 13:07:09Z INFO HostContext] Well known directory 'Bin': 'C:\Users\bigwe\myblog\bin'
[2024-03-27 13:07:09Z INFO HostContext] Well known directory 'Root': 'C:\Users\bigwe\myblog'
[2024-03-27 13:07:09Z INFO HostContext] Well known config file 'Service': 'C:\Users\bigwe\myblog\.service'
[2024-03-27 13:07:09Z INFO ConfigurationStore] ServiceConfigFilePath: C:\Users\bigwe\myblog\.service
[2024-03-27 13:07:09Z INFO CommandSettings] Flag 'help': 'False'
[2024-03-27 13:07:09Z INFO CommandSettings] Flag 'version': 'False'
[2024-03-27 13:07:09Z INFO CommandSettings] Flag 'commit': 'False'
[2024-03-27 13:07:09Z INFO CommandSettings] Flag 'check': 'False'
[2024-03-27 13:07:09Z INFO CommandSettings] Command 'configure': 'True'
[2024-03-27 13:07:09Z INFO Terminal] WRITE LINE: 
[2024-03-27 13:07:09Z INFO Terminal] WRITE LINE: --------------------------------------------------------------------------------
[2024-03-27 13:07:09Z INFO Terminal] WRITE LINE: |        ____ _ _   _   _       _          _        _   _                      |
[2024-03-27 13:07:09Z INFO Terminal] WRITE LINE: |       / ___(_) |_| | | |_   _| |__      / \   ___| |_(_) ___  _ __  ___      |
[2024-03-27 13:07:09Z INFO Terminal] WRITE LINE: |      | |  _| | __| |_| | | | | '_ \    / _ \ / __| __| |/ _ \| '_ \/ __|     |
[2024-03-27 13:07:09Z INFO Terminal] WRITE LINE: |      | |_| | | |_|  _  | |_| | |_) |  / ___ \ (__| |_| | (_) | | | \__ \     |
[2024-03-27 13:07:09Z INFO Terminal] WRITE LINE: |       \____|_|\__|_| |_|\__,_|_.__/  /_/   \_\___|\__|_|\___/|_| |_|___/     |
[2024-03-27 13:07:09Z INFO Terminal] WRITE LINE: |                                                                              |
[2024-03-27 13:07:09Z INFO Terminal] WRITE: |                       
[2024-03-27 13:07:09Z INFO Terminal] WRITE: Self-hosted runner registration
[2024-03-27 13:07:09Z INFO Terminal] WRITE LINE:                         |
[2024-03-27 13:07:09Z INFO Terminal] WRITE LINE: |                                                                              |
[2024-03-27 13:07:09Z INFO Terminal] WRITE LINE: --------------------------------------------------------------------------------
[2024-03-27 13:07:09Z INFO ConfigurationManager] ConfigureAsync
[2024-03-27 13:07:09Z INFO CommandSettings] Flag 'generateServiceConfig': 'False'
[2024-03-27 13:07:09Z INFO ConfigurationStore] IsConfigured()
[2024-03-27 13:07:09Z INFO ConfigurationStore] IsConfigured: False
[2024-03-27 13:07:09Z INFO ConfigurationManager] Is configured: False
[2024-03-27 13:07:09Z INFO CommandSettings] Arg 'url': 'https://github.com/emiya-omega/emiya-omega.github.io'
[2024-03-27 13:07:09Z INFO CommandSettings] Remove url from Arg dictionary.
[2024-03-27 13:07:09Z INFO CommandSettings] Arg 'token': '***'
[2024-03-27 13:07:09Z INFO CommandSettings] Remove token from Arg dictionary.
[2024-03-27 13:07:10Z INFO ConfigurationManager] Http response code: OK from 'POST https://api.github.com/actions/runner-registration' (8B7B:39D9E7:F2E76F:FB4B1D:660419FF)
[2024-03-27 13:07:10Z INFO ConfigurationManager] Using V2 flow: False
[2024-03-27 13:07:10Z INFO ConfigurationManager] cred retrieved via GitHub auth
[2024-03-27 13:07:10Z INFO RunnerServer] EstablishVssConnection
[2024-03-27 13:07:10Z INFO RunnerServer] Establish connection with 100 seconds timeout.
[2024-03-27 13:07:10Z INFO GitHubActionsService] Starting operation Location.GetConnectionData
[2024-03-27 13:07:10Z INFO RunnerServer] EstablishVssConnection
[2024-03-27 13:07:10Z INFO RunnerServer] Establish connection with 60 seconds timeout.
[2024-03-27 13:07:10Z INFO GitHubActionsService] Starting operation Location.GetConnectionData
[2024-03-27 13:07:10Z INFO RunnerServer] EstablishVssConnection
[2024-03-27 13:07:10Z INFO RunnerServer] Establish connection with 60 seconds timeout.
[2024-03-27 13:07:10Z INFO GitHubActionsService] Starting operation Location.GetConnectionData
[2024-03-27 13:07:11Z INFO GitHubActionsService] Finished operation Location.GetConnectionData
[2024-03-27 13:07:11Z INFO GitHubActionsService] Finished operation Location.GetConnectionData
[2024-03-27 13:07:11Z INFO GitHubActionsService] Finished operation Location.GetConnectionData
[2024-03-27 13:07:11Z INFO Terminal] WRITE LINE: 
[2024-03-27 13:07:11Z INFO ConfigurationManager] Test Connection complete.
[2024-03-27 13:07:11Z INFO HostContext] Well known directory 'Bin': 'C:\Users\bigwe\myblog\bin'
[2024-03-27 13:07:11Z INFO HostContext] Well known directory 'Root': 'C:\Users\bigwe\myblog'
[2024-03-27 13:07:11Z INFO HostContext] Well known config file 'RSACredentials': 'C:\Users\bigwe\myblog\.credentials_rsaparams'
[2024-03-27 13:07:11Z INFO RSAEncryptedFileKeyManager] Found existing RSA key parameters file C:\Users\bigwe\myblog\.credentials_rsaparams
[2024-03-27 13:07:11Z INFO CommandSettings] Arg 'runnergroup': ''
[2024-03-27 13:07:11Z INFO CommandSettings] Flag 'unattended': 'False'
[2024-03-27 13:07:11Z INFO PromptManager] ReadValue
[2024-03-27 13:07:11Z INFO Terminal] WRITE: Enter the name of the runner group to add this runner to: 
[2024-03-27 13:07:11Z INFO Terminal] WRITE: [press Enter for Default] 
[2024-03-27 13:07:11Z INFO Terminal] READ LINE
[2024-03-27 13:07:13Z INFO Terminal] Read value: ''
[2024-03-27 13:07:13Z INFO PromptManager] Falling back to the default: 'Default'
[2024-03-27 13:07:13Z INFO Terminal] WRITE LINE: 
[2024-03-27 13:07:13Z INFO ConfigurationManager] Found a self-hosted runner group with id 1 and name Default
[2024-03-27 13:07:13Z INFO CommandSettings] Flag 'disableupdate': 'False'
[2024-03-27 13:07:13Z INFO CommandSettings] Flag 'ephemeral': 'False'
[2024-03-27 13:07:13Z INFO CommandSettings] Arg 'name': ''
[2024-03-27 13:07:13Z INFO CommandSettings] Flag 'unattended': 'False'
[2024-03-27 13:07:13Z INFO PromptManager] ReadValue
[2024-03-27 13:07:13Z INFO Terminal] WRITE: Enter the name of runner: 
[2024-03-27 13:07:13Z INFO Terminal] WRITE: [press Enter for MASTERSPARK] 
[2024-03-27 13:07:13Z INFO Terminal] READ LINE
[2024-03-27 13:07:14Z INFO Terminal] Read value: ''
[2024-03-27 13:07:14Z INFO PromptManager] Falling back to the default: 'MASTERSPARK'
[2024-03-27 13:07:14Z INFO Terminal] WRITE LINE: 
[2024-03-27 13:07:14Z INFO CommandSettings] Arg 'labels': ''
[2024-03-27 13:07:14Z INFO CommandSettings] Flag 'unattended': 'False'
[2024-03-27 13:07:14Z INFO PromptManager] ReadValue
[2024-03-27 13:07:14Z INFO Terminal] WRITE: This runner will have the following labels: 'self-hosted', 'Windows', 'X64' 
Enter any additional labels (ex. label-1,label-2): 
[2024-03-27 13:07:14Z INFO Terminal] WRITE: [press Enter to skip] 
[2024-03-27 13:07:14Z INFO Terminal] READ LINE
[2024-03-27 13:07:16Z INFO Terminal] Read value: ''
[2024-03-27 13:07:16Z INFO Terminal] WRITE LINE: 
[2024-03-27 13:07:16Z INFO CommandSettings] Flag 'disableupdate': 'False'
[2024-03-27 13:07:16Z INFO CommandSettings] Flag 'no-default-labels': 'False'
[2024-03-27 13:07:16Z INFO CommandSettings] Flag 'disableupdate': 'False'
[2024-03-27 13:07:16Z INFO CommandSettings] Flag 'ephemeral': 'False'
[2024-03-27 13:07:16Z INFO ConfigurationStore] Saving OAuth credential @ C:\Users\bigwe\myblog\.credentials
[2024-03-27 13:07:16Z INFO ConfigurationStore] Credentials Saved.
[2024-03-27 13:07:16Z INFO ConfigurationStore] HasCredentials()
[2024-03-27 13:07:16Z INFO ConfigurationStore] stored True
[2024-03-27 13:07:16Z INFO CredentialManager] GetCredentialProvider
[2024-03-27 13:07:16Z INFO CredentialManager] Creating type OAuth
[2024-03-27 13:07:16Z INFO CredentialManager] Creating credential type: OAuth
[2024-03-27 13:07:16Z INFO RSAEncryptedFileKeyManager] Loading RSA key parameters from file C:\Users\bigwe\myblog\.credentials_rsaparams
[2024-03-27 13:07:16Z INFO RunnerServer] EstablishVssConnection
[2024-03-27 13:07:16Z INFO RunnerServer] Establish connection with 100 seconds timeout.
[2024-03-27 13:07:16Z INFO GitHubActionsService] Starting operation Location.GetConnectionData
[2024-03-27 13:07:16Z INFO RunnerServer] EstablishVssConnection
[2024-03-27 13:07:16Z INFO RunnerServer] Establish connection with 60 seconds timeout.
[2024-03-27 13:07:16Z INFO GitHubActionsService] Starting operation Location.GetConnectionData
[2024-03-27 13:07:16Z INFO RunnerServer] EstablishVssConnection
[2024-03-27 13:07:16Z INFO RunnerServer] Establish connection with 60 seconds timeout.
[2024-03-27 13:07:16Z INFO GitHubActionsService] Starting operation Location.GetConnectionData
[2024-03-27 13:07:17Z INFO GitHubActionsService] Finished operation Location.GetConnectionData
[2024-03-27 13:07:17Z INFO GitHubActionsService] Finished operation Location.GetConnectionData
[2024-03-27 13:07:17Z INFO GitHubActionsService] Finished operation Location.GetConnectionData
[2024-03-27 13:07:18Z INFO RSAEncryptedFileKeyManager] Loading RSA key parameters from file C:\Users\bigwe\myblog\.credentials_rsaparams
[2024-03-27 13:07:18Z INFO RSAEncryptedFileKeyManager] Loading RSA key parameters from file C:\Users\bigwe\myblog\.credentials_rsaparams
[2024-03-27 13:07:18Z INFO GitHubActionsService] AAD Correlation ID for this token request: Unknown
[2024-03-27 13:07:18Z INFO CommandSettings] Arg 'work': ''
[2024-03-27 13:07:18Z INFO CommandSettings] Flag 'unattended': 'False'
[2024-03-27 13:07:18Z INFO PromptManager] ReadValue
[2024-03-27 13:07:18Z INFO Terminal] WRITE: Enter name of work folder: 
[2024-03-27 13:07:18Z INFO Terminal] WRITE: [press Enter for _work] 
[2024-03-27 13:07:18Z INFO Terminal] READ LINE
[2024-03-27 13:07:21Z INFO Terminal] Read value: ''
[2024-03-27 13:07:21Z INFO PromptManager] Falling back to the default: '_work'
[2024-03-27 13:07:21Z INFO ConfigurationStore] Saving runner settings.
[2024-03-27 13:07:21Z INFO ConfigurationStore] Settings Saved.
[2024-03-27 13:07:21Z INFO Terminal] WRITE LINE: 
[2024-03-27 13:07:21Z INFO Terminal] WRITE LINE: 
[2024-03-27 13:07:21Z INFO CommandSettings] Flag 'runasservice': 'False'
[2024-03-27 13:07:21Z INFO CommandSettings] Flag 'unattended': 'False'
[2024-03-27 13:07:21Z INFO PromptManager] ReadValue
[2024-03-27 13:07:21Z INFO Terminal] WRITE: Would you like to run the runner as service? (Y/N) 
[2024-03-27 13:07:21Z INFO Terminal] WRITE: [press Enter for N] 
[2024-03-27 13:07:21Z INFO Terminal] READ LINE
[2024-03-27 13:07:26Z INFO Terminal] Read value: ''
[2024-03-27 13:07:26Z INFO PromptManager] Falling back to the default: 'N'
[2024-03-27 13:07:26Z INFO Listener] Runner execution has finished with return code 0
