[2024-03-27 13:07:29Z INFO HostContext] No proxy settings were found based on environmental variables (http_proxy/https_proxy/HTTP_PROXY/HTTPS_PROXY)
[2024-03-27 13:07:29Z INFO HostContext] Well known directory 'Bin': 'C:\Users\bigwe\myblog\bin'
[2024-03-27 13:07:29Z INFO HostContext] Well known directory 'Root': 'C:\Users\bigwe\myblog'
[2024-03-27 13:07:29Z INFO HostContext] Well known config file 'Credentials': 'C:\Users\bigwe\myblog\.credentials'
[2024-03-27 13:07:29Z INFO HostContext] Well known directory 'Bin': 'C:\Users\bigwe\myblog\bin'
[2024-03-27 13:07:29Z INFO HostContext] Well known directory 'Root': 'C:\Users\bigwe\myblog'
[2024-03-27 13:07:29Z INFO HostContext] Well known config file 'Runner': 'C:\Users\bigwe\myblog\.runner'
[2024-03-27 13:07:29Z INFO Listener] Runner is built for Windows (X64) - win-x64.
[2024-03-27 13:07:29Z INFO Listener] RuntimeInformation: Microsoft Windows 10.0.22631.
[2024-03-27 13:07:29Z INFO Listener] Version: 2.314.1
[2024-03-27 13:07:29Z INFO Listener] Commit: 976290d966e6cc3e748a49bf8fdbe139ff764201
[2024-03-27 13:07:29Z INFO Listener] Culture: zh-CN
[2024-03-27 13:07:29Z INFO Listener] UI Culture: zh-CN
[2024-03-27 13:07:29Z INFO HostContext] Well known directory 'Bin': 'C:\Users\bigwe\myblog\bin'
[2024-03-27 13:07:29Z INFO HostContext] Well known directory 'Root': 'C:\Users\bigwe\myblog'
[2024-03-27 13:07:29Z INFO Listener] Validating directory permissions for: 'C:\Users\bigwe\myblog'
[2024-03-27 13:07:29Z INFO CommandLineParser] Parse
[2024-03-27 13:07:29Z INFO CommandLineParser] Parsing 1 args
[2024-03-27 13:07:29Z INFO CommandLineParser] parsing argument
[2024-03-27 13:07:29Z INFO CommandLineParser] HasArgs: False
[2024-03-27 13:07:29Z INFO CommandLineParser] Adding Command: run
[2024-03-27 13:07:29Z INFO Listener] Arguments parsed
[2024-03-27 13:07:29Z INFO Runner] ExecuteCommand
[2024-03-27 13:07:29Z INFO ConfigurationStore] currentAssemblyLocation: C:\Users\bigwe\myblog\bin\Runner.Listener.dll
[2024-03-27 13:07:29Z INFO HostContext] Well known directory 'Bin': 'C:\Users\bigwe\myblog\bin'
[2024-03-27 13:07:29Z INFO ConfigurationStore] binPath: C:\Users\bigwe\myblog\bin
[2024-03-27 13:07:29Z INFO HostContext] Well known directory 'Bin': 'C:\Users\bigwe\myblog\bin'
[2024-03-27 13:07:29Z INFO HostContext] Well known directory 'Root': 'C:\Users\bigwe\myblog'
[2024-03-27 13:07:29Z INFO ConfigurationStore] RootFolder: C:\Users\bigwe\myblog
[2024-03-27 13:07:29Z INFO HostContext] Well known directory 'Bin': 'C:\Users\bigwe\myblog\bin'
[2024-03-27 13:07:29Z INFO HostContext] Well known directory 'Root': 'C:\Users\bigwe\myblog'
[2024-03-27 13:07:29Z INFO HostContext] Well known config file 'Runner': 'C:\Users\bigwe\myblog\.runner'
[2024-03-27 13:07:29Z INFO ConfigurationStore] ConfigFilePath: C:\Users\bigwe\myblog\.runner
[2024-03-27 13:07:29Z INFO HostContext] Well known directory 'Bin': 'C:\Users\bigwe\myblog\bin'
[2024-03-27 13:07:29Z INFO HostContext] Well known directory 'Root': 'C:\Users\bigwe\myblog'
[2024-03-27 13:07:29Z INFO HostContext] Well known config file 'Credentials': 'C:\Users\bigwe\myblog\.credentials'
[2024-03-27 13:07:29Z INFO ConfigurationStore] CredFilePath: C:\Users\bigwe\myblog\.credentials
[2024-03-27 13:07:29Z INFO HostContext] Well known directory 'Bin': 'C:\Users\bigwe\myblog\bin'
[2024-03-27 13:07:29Z INFO HostContext] Well known directory 'Root': 'C:\Users\bigwe\myblog'
[2024-03-27 13:07:29Z INFO HostContext] Well known config file 'MigratedCredentials': 'C:\Users\bigwe\myblog\.credentials_migrated'
[2024-03-27 13:07:29Z INFO ConfigurationStore] MigratedCredFilePath: C:\Users\bigwe\myblog\.credentials_migrated
[2024-03-27 13:07:29Z INFO HostContext] Well known directory 'Bin': 'C:\Users\bigwe\myblog\bin'
[2024-03-27 13:07:29Z INFO HostContext] Well known directory 'Root': 'C:\Users\bigwe\myblog'
[2024-03-27 13:07:29Z INFO HostContext] Well known config file 'Service': 'C:\Users\bigwe\myblog\.service'
[2024-03-27 13:07:29Z INFO ConfigurationStore] ServiceConfigFilePath: C:\Users\bigwe\myblog\.service
[2024-03-27 13:07:29Z INFO CommandSettings] Flag 'help': 'False'
[2024-03-27 13:07:29Z INFO CommandSettings] Flag 'version': 'False'
[2024-03-27 13:07:29Z INFO CommandSettings] Flag 'commit': 'False'
[2024-03-27 13:07:29Z INFO CommandSettings] Flag 'check': 'False'
[2024-03-27 13:07:29Z INFO CommandSettings] Command 'configure': 'False'
[2024-03-27 13:07:29Z INFO CommandSettings] Command 'remove': 'False'
[2024-03-27 13:07:29Z INFO CommandSettings] Command 'warmup': 'False'
[2024-03-27 13:07:29Z INFO ConfigurationManager] LoadSettings
[2024-03-27 13:07:29Z INFO ConfigurationStore] IsConfigured()
[2024-03-27 13:07:29Z INFO ConfigurationStore] IsConfigured: True
[2024-03-27 13:07:29Z INFO ConfigurationManager] Is configured: True
[2024-03-27 13:07:29Z INFO ConfigurationStore] Read setting file: 319 chars
[2024-03-27 13:07:29Z INFO ConfigurationManager] Settings Loaded
[2024-03-27 13:07:29Z INFO ConfigurationStore] IsServiceConfigured()
[2024-03-27 13:07:29Z INFO ConfigurationStore] IsServiceConfigured: False
[2024-03-27 13:07:29Z INFO CommandSettings] Command 'run': 'True'
[2024-03-27 13:07:29Z INFO ConfigurationStore] IsConfigured()
[2024-03-27 13:07:29Z INFO ConfigurationStore] IsConfigured: True
[2024-03-27 13:07:29Z INFO ConfigurationManager] Is configured: True
[2024-03-27 13:07:29Z INFO Runner] Could not parse the argument value '' for StartupType. Defaulting to Manual
[2024-03-27 13:07:29Z INFO Runner] Set runner startup type - Manual
[2024-03-27 13:07:29Z INFO CommandSettings] Flag 'once': 'False'
[2024-03-27 13:07:29Z INFO CommandSettings] Flag 'once': 'False'
[2024-03-27 13:07:29Z INFO Runner] RunAsync
[2024-03-27 13:07:30Z INFO ConfigurationManager] LoadSettings
[2024-03-27 13:07:30Z INFO ConfigurationStore] IsConfigured()
[2024-03-27 13:07:30Z INFO ConfigurationStore] IsConfigured: True
[2024-03-27 13:07:30Z INFO ConfigurationManager] Is configured: True
[2024-03-27 13:07:30Z INFO ConfigurationManager] Settings Loaded
[2024-03-27 13:07:30Z INFO MessageListener] {
  "AgentId": 2,
  "AgentName": "MASTERSPARK",
  "PoolId": 1,
  "PoolName": "Default",
  "ServerUrl": "https://pipelinesghubeus13.actions.githubusercontent.com/LGPFQ5YSvheL61PUz41Lz2GybwNbpAhX6mmnFhu5AvXAZaATR1/",
  "GitHubUrl": "https://github.com/emiya-omega/emiya-omega.github.io",
  "WorkFolder": "_work"
}
[2024-03-27 13:07:30Z INFO MessageListener] Loading Credentials
[2024-03-27 13:07:30Z INFO ConfigurationStore] HasCredentials()
[2024-03-27 13:07:30Z INFO ConfigurationStore] stored True
[2024-03-27 13:07:30Z INFO CredentialManager] GetCredentialProvider
[2024-03-27 13:07:30Z INFO CredentialManager] Creating type OAuth
[2024-03-27 13:07:30Z INFO CredentialManager] Creating credential type: OAuth
[2024-03-27 13:07:30Z INFO HostContext] Well known directory 'Bin': 'C:\Users\bigwe\myblog\bin'
[2024-03-27 13:07:30Z INFO HostContext] Well known directory 'Root': 'C:\Users\bigwe\myblog'
[2024-03-27 13:07:30Z INFO HostContext] Well known config file 'RSACredentials': 'C:\Users\bigwe\myblog\.credentials_rsaparams'
[2024-03-27 13:07:30Z INFO RSAEncryptedFileKeyManager] Loading RSA key parameters from file C:\Users\bigwe\myblog\.credentials_rsaparams
[2024-03-27 13:07:30Z INFO MessageListener] Attempt to create session.
[2024-03-27 13:07:30Z INFO MessageListener] Connecting to the Runner Server...
[2024-03-27 13:07:30Z INFO RunnerServer] EstablishVssConnection
[2024-03-27 13:07:30Z INFO RunnerServer] Establish connection with 100 seconds timeout.
[2024-03-27 13:07:30Z INFO GitHubActionsService] Starting operation Location.GetConnectionData
[2024-03-27 13:07:30Z INFO RunnerServer] EstablishVssConnection
[2024-03-27 13:07:30Z INFO RunnerServer] Establish connection with 60 seconds timeout.
[2024-03-27 13:07:30Z INFO GitHubActionsService] Starting operation Location.GetConnectionData
[2024-03-27 13:07:30Z INFO RunnerServer] EstablishVssConnection
[2024-03-27 13:07:30Z INFO RunnerServer] Establish connection with 60 seconds timeout.
[2024-03-27 13:07:30Z INFO GitHubActionsService] Starting operation Location.GetConnectionData
[2024-03-27 13:07:31Z INFO GitHubActionsService] Finished operation Location.GetConnectionData
[2024-03-27 13:07:31Z INFO GitHubActionsService] Finished operation Location.GetConnectionData
[2024-03-27 13:07:31Z INFO GitHubActionsService] Finished operation Location.GetConnectionData
[2024-03-27 13:07:31Z INFO MessageListener] VssConnection created
[2024-03-27 13:07:31Z INFO Terminal] WRITE LINE: 
[2024-03-27 13:07:31Z INFO Terminal] WRITE LINE: 
[2024-03-27 13:07:31Z INFO RSAEncryptedFileKeyManager] Loading RSA key parameters from file C:\Users\bigwe\myblog\.credentials_rsaparams
[2024-03-27 13:07:31Z INFO RSAEncryptedFileKeyManager] Loading RSA key parameters from file C:\Users\bigwe\myblog\.credentials_rsaparams
[2024-03-27 13:07:31Z INFO GitHubActionsService] AAD Correlation ID for this token request: Unknown
[2024-03-27 13:07:32Z INFO MessageListener] Session created.
[2024-03-27 13:07:32Z INFO Terminal] WRITE LINE: Current runner version: '2.314.1'
[2024-03-27 13:07:32Z INFO Terminal] WRITE LINE: 2024-03-27 13:07:32Z: Listening for Jobs
[2024-03-27 13:07:32Z INFO JobDispatcher] Set runner/worker IPC timeout to 30 seconds.
[2024-03-27 13:09:08Z INFO Terminal] WRITE LINE: Exiting...
[2024-03-27 13:09:08Z INFO ConfigurationStore] IsServiceConfigured()
[2024-03-27 13:09:08Z INFO ConfigurationStore] IsServiceConfigured: False
[2024-03-27 13:09:08Z INFO HostContext] Runner will be shutdown for UserCancelled
[2024-03-27 13:09:08Z WARN GitHubActionsService] GET request to https://pipelinesghubeus13.actions.githubusercontent.com/LGPFQ5YSvheL61PUz41Lz2GybwNbpAhX6mmnFhu5AvXAZaATR1/_apis/distributedtask/pools/1/messages?sessionId=743ff13c-ba6d-4b6e-9738-3f6e8d4ceb3c&status=Online&runnerVersion=2.314.1&os=Windows&architecture=X64&disableUpdate=false has been cancelled.
[2024-03-27 13:09:08Z INFO MessageListener] Get next message has been cancelled.
[2024-03-27 13:09:08Z INFO JobDispatcher] Shutting down JobDispatcher. Make sure all WorkerDispatcher has finished.
[2024-03-27 13:09:08Z INFO Runner] Deleting Runner Session...
[2024-03-27 13:09:09Z INFO Listener] Runner execution been cancelled.
