[2024-03-27 13:06:46Z INFO HostContext] No proxy settings were found based on environmental variables (http_proxy/https_proxy/HTTP_PROXY/HTTPS_PROXY)
[2024-03-27 13:06:46Z INFO HostContext] Well known directory 'Bin': 'C:\Users\bigwe\myblog\bin'
[2024-03-27 13:06:46Z INFO HostContext] Well known directory 'Root': 'C:\Users\bigwe\myblog'
[2024-03-27 13:06:46Z INFO HostContext] Well known config file 'Credentials': 'C:\Users\bigwe\myblog\.credentials'
[2024-03-27 13:06:46Z INFO HostContext] Well known directory 'Bin': 'C:\Users\bigwe\myblog\bin'
[2024-03-27 13:06:46Z INFO HostContext] Well known directory 'Root': 'C:\Users\bigwe\myblog'
[2024-03-27 13:06:46Z INFO HostContext] Well known config file 'Runner': 'C:\Users\bigwe\myblog\.runner'
[2024-03-27 13:06:46Z INFO Listener] Runner is built for Windows (X64) - win-x64.
[2024-03-27 13:06:46Z INFO Listener] RuntimeInformation: Microsoft Windows 10.0.22631.
[2024-03-27 13:06:46Z INFO Listener] Version: 2.314.1
[2024-03-27 13:06:46Z INFO Listener] Commit: 976290d966e6cc3e748a49bf8fdbe139ff764201
[2024-03-27 13:06:46Z INFO Listener] Culture: zh-CN
[2024-03-27 13:06:46Z INFO Listener] UI Culture: zh-CN
[2024-03-27 13:06:46Z INFO HostContext] Well known directory 'Bin': 'C:\Users\bigwe\myblog\bin'
[2024-03-27 13:06:46Z INFO HostContext] Well known directory 'Root': 'C:\Users\bigwe\myblog'
[2024-03-27 13:06:46Z INFO Listener] Validating directory permissions for: 'C:\Users\bigwe\myblog'
[2024-03-27 13:06:46Z INFO CommandLineParser] Parse
[2024-03-27 13:06:46Z INFO CommandLineParser] Parsing 5 args
[2024-03-27 13:06:46Z INFO CommandLineParser] parsing argument
[2024-03-27 13:06:46Z INFO CommandLineParser] HasArgs: False
[2024-03-27 13:06:46Z INFO CommandLineParser] Adding Command: configure
[2024-03-27 13:06:46Z INFO CommandLineParser] parsing argument
[2024-03-27 13:06:46Z INFO CommandLineParser] HasArgs: True
[2024-03-27 13:06:46Z INFO CommandLineParser] arg: url
[2024-03-27 13:06:46Z INFO CommandLineParser] parsing argument
[2024-03-27 13:06:46Z INFO CommandLineParser] HasArgs: True
[2024-03-27 13:06:46Z INFO CommandLineParser] Adding option 'url': 'https://github.com/emiya-omega/emiya-omega.github.io'
[2024-03-27 13:06:46Z INFO CommandLineParser] parsing argument
[2024-03-27 13:06:46Z INFO CommandLineParser] HasArgs: True
[2024-03-27 13:06:46Z INFO CommandLineParser] arg: token
[2024-03-27 13:06:46Z INFO CommandLineParser] parsing argument
[2024-03-27 13:06:46Z INFO CommandLineParser] HasArgs: True
[2024-03-27 13:06:46Z INFO CommandLineParser] Adding option 'token': '***'
[2024-03-27 13:06:46Z INFO Listener] Arguments parsed
[2024-03-27 13:06:46Z INFO Runner] ExecuteCommand
[2024-03-27 13:06:46Z INFO ConfigurationStore] currentAssemblyLocation: C:\Users\bigwe\myblog\bin\Runner.Listener.dll
[2024-03-27 13:06:46Z INFO HostContext] Well known directory 'Bin': 'C:\Users\bigwe\myblog\bin'
[2024-03-27 13:06:46Z INFO ConfigurationStore] binPath: C:\Users\bigwe\myblog\bin
[2024-03-27 13:06:46Z INFO HostContext] Well known directory 'Bin': 'C:\Users\bigwe\myblog\bin'
[2024-03-27 13:06:46Z INFO HostContext] Well known directory 'Root': 'C:\Users\bigwe\myblog'
[2024-03-27 13:06:46Z INFO ConfigurationStore] RootFolder: C:\Users\bigwe\myblog
[2024-03-27 13:06:46Z INFO HostContext] Well known directory 'Bin': 'C:\Users\bigwe\myblog\bin'
[2024-03-27 13:06:46Z INFO HostContext] Well known directory 'Root': 'C:\Users\bigwe\myblog'
[2024-03-27 13:06:46Z INFO HostContext] Well known config file 'Runner': 'C:\Users\bigwe\myblog\.runner'
[2024-03-27 13:06:46Z INFO ConfigurationStore] ConfigFilePath: C:\Users\bigwe\myblog\.runner
[2024-03-27 13:06:46Z INFO HostContext] Well known directory 'Bin': 'C:\Users\bigwe\myblog\bin'
[2024-03-27 13:06:46Z INFO HostContext] Well known directory 'Root': 'C:\Users\bigwe\myblog'
[2024-03-27 13:06:46Z INFO HostContext] Well known config file 'Credentials': 'C:\Users\bigwe\myblog\.credentials'
[2024-03-27 13:06:46Z INFO ConfigurationStore] CredFilePath: C:\Users\bigwe\myblog\.credentials
[2024-03-27 13:06:46Z INFO HostContext] Well known directory 'Bin': 'C:\Users\bigwe\myblog\bin'
[2024-03-27 13:06:46Z INFO HostContext] Well known directory 'Root': 'C:\Users\bigwe\myblog'
[2024-03-27 13:06:46Z INFO HostContext] Well known config file 'MigratedCredentials': 'C:\Users\bigwe\myblog\.credentials_migrated'
[2024-03-27 13:06:46Z INFO ConfigurationStore] MigratedCredFilePath: C:\Users\bigwe\myblog\.credentials_migrated
[2024-03-27 13:06:46Z INFO HostContext] Well known directory 'Bin': 'C:\Users\bigwe\myblog\bin'
[2024-03-27 13:06:46Z INFO HostContext] Well known directory 'Root': 'C:\Users\bigwe\myblog'
[2024-03-27 13:06:46Z INFO HostContext] Well known config file 'Service': 'C:\Users\bigwe\myblog\.service'
[2024-03-27 13:06:46Z INFO ConfigurationStore] ServiceConfigFilePath: C:\Users\bigwe\myblog\.service
[2024-03-27 13:06:46Z INFO CommandSettings] Flag 'help': 'False'
[2024-03-27 13:06:46Z INFO CommandSettings] Flag 'version': 'False'
[2024-03-27 13:06:46Z INFO CommandSettings] Flag 'commit': 'False'
[2024-03-27 13:06:46Z INFO CommandSettings] Flag 'check': 'False'
[2024-03-27 13:06:46Z INFO CommandSettings] Command 'configure': 'True'
[2024-03-27 13:06:46Z INFO Terminal] WRITE LINE: 
[2024-03-27 13:06:46Z INFO Terminal] WRITE LINE: --------------------------------------------------------------------------------
[2024-03-27 13:06:46Z INFO Terminal] WRITE LINE: |        ____ _ _   _   _       _          _        _   _                      |
[2024-03-27 13:06:46Z INFO Terminal] WRITE LINE: |       / ___(_) |_| | | |_   _| |__      / \   ___| |_(_) ___  _ __  ___      |
[2024-03-27 13:06:46Z INFO Terminal] WRITE LINE: |      | |  _| | __| |_| | | | | '_ \    / _ \ / __| __| |/ _ \| '_ \/ __|     |
[2024-03-27 13:06:46Z INFO Terminal] WRITE LINE: |      | |_| | | |_|  _  | |_| | |_) |  / ___ \ (__| |_| | (_) | | | \__ \     |
[2024-03-27 13:06:46Z INFO Terminal] WRITE LINE: |       \____|_|\__|_| |_|\__,_|_.__/  /_/   \_\___|\__|_|\___/|_| |_|___/     |
[2024-03-27 13:06:46Z INFO Terminal] WRITE LINE: |                                                                              |
[2024-03-27 13:06:46Z INFO Terminal] WRITE: |                       
[2024-03-27 13:06:46Z INFO Terminal] WRITE: Self-hosted runner registration
[2024-03-27 13:06:46Z INFO Terminal] WRITE LINE:                         |
[2024-03-27 13:06:46Z INFO Terminal] WRITE LINE: |                                                                              |
[2024-03-27 13:06:46Z INFO Terminal] WRITE LINE: --------------------------------------------------------------------------------
[2024-03-27 13:06:46Z INFO ConfigurationManager] ConfigureAsync
[2024-03-27 13:06:46Z INFO CommandSettings] Flag 'generateServiceConfig': 'False'
[2024-03-27 13:06:46Z INFO ConfigurationStore] IsConfigured()
[2024-03-27 13:06:46Z INFO ConfigurationStore] IsConfigured: False
[2024-03-27 13:06:46Z INFO ConfigurationManager] Is configured: False
[2024-03-27 13:06:46Z INFO CommandSettings] Arg 'url': 'https://github.com/emiya-omega/emiya-omega.github.io'
[2024-03-27 13:06:46Z INFO CommandSettings] Remove url from Arg dictionary.
[2024-03-27 13:06:46Z INFO CommandSettings] Arg 'token': '***'
[2024-03-27 13:06:46Z INFO CommandSettings] Remove token from Arg dictionary.
[2024-03-27 13:06:47Z INFO ConfigurationManager] Http response code: OK from 'POST https://api.github.com/actions/runner-registration' (8B74:3DF67D:587B9C:5AF51A:660419E8)
[2024-03-27 13:06:48Z INFO ConfigurationManager] Using V2 flow: False
[2024-03-27 13:06:48Z INFO ConfigurationManager] cred retrieved via GitHub auth
[2024-03-27 13:06:48Z INFO RunnerServer] EstablishVssConnection
[2024-03-27 13:06:48Z INFO RunnerServer] Establish connection with 100 seconds timeout.
[2024-03-27 13:06:48Z INFO GitHubActionsService] Starting operation Location.GetConnectionData
[2024-03-27 13:06:48Z INFO RunnerServer] EstablishVssConnection
[2024-03-27 13:06:48Z INFO RunnerServer] Establish connection with 60 seconds timeout.
[2024-03-27 13:06:48Z INFO GitHubActionsService] Starting operation Location.GetConnectionData
[2024-03-27 13:06:48Z INFO RunnerServer] EstablishVssConnection
[2024-03-27 13:06:48Z INFO RunnerServer] Establish connection with 60 seconds timeout.
[2024-03-27 13:06:48Z INFO GitHubActionsService] Starting operation Location.GetConnectionData
[2024-03-27 13:06:49Z INFO GitHubActionsService] Finished operation Location.GetConnectionData
[2024-03-27 13:06:49Z INFO GitHubActionsService] Finished operation Location.GetConnectionData
[2024-03-27 13:06:49Z INFO GitHubActionsService] Finished operation Location.GetConnectionData
[2024-03-27 13:06:49Z INFO Terminal] WRITE LINE: 
[2024-03-27 13:06:49Z INFO ConfigurationManager] Test Connection complete.
[2024-03-27 13:06:49Z INFO HostContext] Well known directory 'Bin': 'C:\Users\bigwe\myblog\bin'
[2024-03-27 13:06:49Z INFO HostContext] Well known directory 'Root': 'C:\Users\bigwe\myblog'
[2024-03-27 13:06:49Z INFO HostContext] Well known config file 'RSACredentials': 'C:\Users\bigwe\myblog\.credentials_rsaparams'
[2024-03-27 13:06:49Z INFO RSAEncryptedFileKeyManager] Creating new RSA key using 2048-bit key length
[2024-03-27 13:06:49Z INFO RSAEncryptedFileKeyManager] Successfully saved RSA key parameters to file C:\Users\bigwe\myblog\.credentials_rsaparams
[2024-03-27 13:06:50Z INFO CommandSettings] Arg 'runnergroup': ''
[2024-03-27 13:06:50Z INFO CommandSettings] Flag 'unattended': 'False'
[2024-03-27 13:06:50Z INFO PromptManager] ReadValue
[2024-03-27 13:06:50Z INFO Terminal] WRITE: Enter the name of the runner group to add this runner to: 
[2024-03-27 13:06:50Z INFO Terminal] WRITE: [press Enter for Default] 
[2024-03-27 13:06:50Z INFO Terminal] READ LINE
[2024-03-27 13:06:59Z INFO Terminal] Read value: 'blogone'
[2024-03-27 13:06:59Z INFO Terminal] WRITE LINE: 
[2024-03-27 13:07:00Z ERR  Runner] GitHub.DistributedTask.WebApi.TaskAgentPoolNotFoundException: Could not find any self-hosted runner group named "blogone".
   at GitHub.Runner.Listener.Configuration.ConfigurationManager.ConfigureAsync(CommandSettings command)
   at GitHub.Runner.Listener.Runner.ExecuteCommand(CommandSettings command)
[2024-03-27 13:07:00Z ERR  Terminal] WRITE ERROR: Could not find any self-hosted runner group named "blogone".
[2024-03-27 13:07:00Z INFO Listener] Runner execution has finished with return code 1
